srun -N 32 -n 256 -c7 --gpus-per-task=1 --gpu-bind=closest python -u benchmark_all_gather.py
PE 0: MPICH CH4 OFI detected 4 NICs/node on host frontier00076
PE 0: MPICH CH4 OFI limiting NIC usage by setting of MPICH_OFI_NUM_NICS=[4]
PE 0: MPICH CH4 OFI netmod using cxi provider (domain_name=cxi2, src_addr=0x3480)
PE 0: Selected traffic class: [TC_BEST_EFFORT, 512]
PE 0: MPICH CH4 OFI CXI counters initialized
PE 0: MPICH CH4 OFI global connections for 256 ranks took 0.0036361 seconds.
[W socket.cpp:697] [c10d] The client socket cannot be initialized to connect to [frontier00076.frontier.olcf.ornl.gov]:29500 (errno: 97 - Address family not supported by protocol).
[W socket.cpp:464] [c10d] The server socket cannot be initialized on [::]:29500 (errno: 97 - Address family not supported by protocol).
[W socket.cpp:697] [c10d] The client socket cannot be initialized to connect to [frontier00076.frontier.olcf.ornl.gov]:29500 (errno: 97 - Address family not supported by protocol).
[W socket.cpp:697] [c10d] The client socket cannot be initialized to connect to [frontier00076.frontier.olcf.ornl.gov]:29500 (errno: 97 - Address family not supported by protocol).
[W socket.cpp:697] [c10d] The client socket cannot be initialized to connect to [frontier00076.frontier.olcf.ornl.gov]:29500 (errno: 97 - Address family not supported by protocol).
[W socket.cpp:697] [c10d] The client socket cannot be initialized to connect to [frontier00076.frontier.olcf.ornl.gov]:29500 (errno: 97 - Address family not supported by protocol).
[W socket.cpp:697] [c10d] The client socket cannot be initialized to connect to [frontier00076.frontier.olcf.ornl.gov]:29500 (errno: 97 - Address family not supported by protocol).
[W socket.cpp:697] [c10d] The client socket cannot be initialized to connect to [frontier00076.frontier.olcf.ornl.gov]:29500 (errno: 97 - Address family not supported by protocol).
[W socket.cpp:697] [c10d] The client socket cannot be initialized to connect to [frontier00076.frontier.olcf.ornl.gov]:29500 (errno: 97 - Address family not supported by protocol).
[W socket.cpp:697] [c10d] The client socket cannot be initialized to connect to [frontier00076.frontier.olcf.ornl.gov]:29500 (errno: 97 - Address family not supported by protocol).
[W socket.cpp:697] [c10d] The client socket cannot be initialized to connect to [frontier00076.frontier.olcf.ornl.gov]:29500 (errno: 97 - Address family not supported by protocol).
[W socket.cpp:697] [c10d] The client socket cannot be initialized to connect to [frontier00076.frontier.olcf.ornl.gov]:29500 (errno: 97 - Address family not supported by protocol).
[W socket.cpp:697] [c10d] The client socket cannot be initialized to connect to [frontier00076.frontier.olcf.ornl.gov]:29500 (errno: 97 - Address family not supported by protocol).
[W socket.cpp:697] [c10d] The client socket cannot be initialized to connect to [frontier00076.frontier.olcf.ornl.gov]:29500 (errno: 97 - Address family not supported by protocol).
[W socket.cpp:697] [c10d] The client socket cannot be initialized to connect to [frontier00076.frontier.olcf.ornl.gov]:29500 (errno: 97 - Address family not supported by protocol).
[W socket.cpp:697] [c10d] The client socket cannot be initialized to connect to [frontier00076.frontier.olcf.ornl.gov]:29500 (errno: 97 - Address family not supported by protocol).
[W socket.cpp:697] [c10d] The client socket cannot be initialized to connect to [frontier00076.frontier.olcf.ornl.gov]:29500 (errno: 97 - Address family not supported by protocol).
[W socket.cpp:697] [c10d] The client socket cannot be initialized to connect to [frontier00076.frontier.olcf.ornl.gov]:29500 (errno: 97 - Address family not supported by protocol).
[W socket.cpp:697] [c10d] The client socket cannot be initialized to connect to [frontier00076.frontier.olcf.ornl.gov]:29500 (errno: 97 - Address family not supported by protocol).
[W socket.cpp:697] [c10d] The client socket cannot be initialized to connect to [frontier00076.frontier.olcf.ornl.gov]:29500 (errno: 97 - Address family not supported by protocol).
[W socket.cpp:697] [c10d] The client socket cannot be initialized to connect to [frontier00076.frontier.olcf.ornl.gov]:29500 (errno: 97 - Address family not supported by protocol).
[W socket.cpp:697] [c10d] The client socket cannot be initialized to connect to [frontier00076.frontier.olcf.ornl.gov]:29500 (errno: 97 - Address family not supported by protocol).
[W socket.cpp:697] [c10d] The client socket cannot be initialized to connect to [frontier00076.frontier.olcf.ornl.gov]:29500 (errno: 97 - Address family not supported by protocol).
[W socket.cpp:697] [c10d] The client socket cannot be initialized to connect to [frontier00076.frontier.olcf.ornl.gov]:29500 (errno: 97 - Address family not supported by protocol).
[W socket.cpp:697] [c10d] The client socket cannot be initialized to connect to [frontier00076.frontier.olcf.ornl.gov]:29500 (errno: 97 - Address family not supported by protocol).
[W socket.cpp:697] [c10d] The client socket cannot be initialized to connect to [frontier00076.frontier.olcf.ornl.gov]:29500 (errno: 97 - Address family not supported by protocol).
[W socket.cpp:697] [c10d] The client socket cannot be initialized to connect to [frontier00076.frontier.olcf.ornl.gov]:29500 (errno: 97 - Address family not supported by protocol).
[W socket.cpp:697] [c10d] The client socket cannot be initialized to connect to [frontier00076.frontier.olcf.ornl.gov]:29500 (errno: 97 - Address family not supported by protocol).
[W socket.cpp:697] [c10d] The client socket cannot be initialized to connect to [frontier00076.frontier.olcf.ornl.gov]:29500 (errno: 97 - Address family not supported by protocol).
[W socket.cpp:697] [c10d] The client socket cannot be initialized to connect to [frontier00076.frontier.olcf.ornl.gov]:29500 (errno: 97 - Address family not supported by protocol).
[W socket.cpp:697] [c10d] The client socket cannot be initialized to connect to [frontier00076.frontier.olcf.ornl.gov]:29500 (errno: 97 - Address family not supported by protocol).
[W socket.cpp:697] [c10d] The client socket cannot be initialized to connect to [frontier00076.frontier.olcf.ornl.gov]:29500 (errno: 97 - Address family not supported by protocol).
[W socket.cpp:697] [c10d] The client socket cannot be initialized to connect to [frontier00076.frontier.olcf.ornl.gov]:29500 (errno: 97 - Address family not supported by protocol).
[W socket.cpp:697] [c10d] The client socket cannot be initialized to connect to [frontier00076.frontier.olcf.ornl.gov]:29500 (errno: 97 - Address family not supported by protocol).
[W socket.cpp:697] [c10d] The client socket cannot be initialized to connect to [frontier00076.frontier.olcf.ornl.gov]:29500 (errno: 97 - Address family not supported by protocol).
[W socket.cpp:697] [c10d] The client socket cannot be initialized to connect to [frontier00076.frontier.olcf.ornl.gov]:29500 (errno: 97 - Address family not supported by protocol).
[W socket.cpp:697] [c10d] The client socket cannot be initialized to connect to [frontier00076.frontier.olcf.ornl.gov]:29500 (errno: 97 - Address family not supported by protocol).
[W socket.cpp:697] [c10d] The client socket cannot be initialized to connect to [frontier00076.frontier.olcf.ornl.gov]:29500 (errno: 97 - Address family not supported by protocol).
[W socket.cpp:697] [c10d] The client socket cannot be initialized to connect to [frontier00076.frontier.olcf.ornl.gov]:29500 (errno: 97 - Address family not supported by protocol).
[W socket.cpp:697] [c10d] The client socket cannot be initialized to connect to [frontier00076.frontier.olcf.ornl.gov]:29500 (errno: 97 - Address family not supported by protocol).
[W socket.cpp:697] [c10d] The client socket cannot be initialized to connect to [frontier00076.frontier.olcf.ornl.gov]:29500 (errno: 97 - Address family not supported by protocol).
[W socket.cpp:697] [c10d] The client socket cannot be initialized to connect to [frontier00076.frontier.olcf.ornl.gov]:29500 (errno: 97 - Address family not supported by protocol).
[W socket.cpp:697] [c10d] The client socket cannot be initialized to connect to [frontier00076.frontier.olcf.ornl.gov]:29500 (errno: 97 - Address family not supported by protocol).
[W socket.cpp:697] [c10d] The client socket cannot be initialized to connect to [frontier00076.frontier.olcf.ornl.gov]:29500 (errno: 97 - Address family not supported by protocol).
[W socket.cpp:697] [c10d] The client socket cannot be initialized to connect to [frontier00076.frontier.olcf.ornl.gov]:29500 (errno: 97 - Address family not supported by protocol).
[W socket.cpp:697] [c10d] The client socket cannot be initialized to connect to [frontier00076.frontier.olcf.ornl.gov]:29500 (errno: 97 - Address family not supported by protocol).
[W socket.cpp:697] [c10d] The client socket cannot be initialized to connect to [frontier00076.frontier.olcf.ornl.gov]:29500 (errno: 97 - Address family not supported by protocol).
[W socket.cpp:697] [c10d] The client socket cannot be initialized to connect to [frontier00076.frontier.olcf.ornl.gov]:29500 (errno: 97 - Address family not supported by protocol).
[W socket.cpp:697] [c10d] The client socket cannot be initialized to connect to [frontier00076.frontier.olcf.ornl.gov]:29500 (errno: 97 - Address family not supported by protocol).
[W socket.cpp:697] [c10d] The client socket cannot be initialized to connect to [frontier00076.frontier.olcf.ornl.gov]:29500 (errno: 97 - Address family not supported by protocol).
[W socket.cpp:697] [c10d] The client socket cannot be initialized to connect to [frontier00076.frontier.olcf.ornl.gov]:29500 (errno: 97 - Address family not supported by protocol).
[W socket.cpp:697] [c10d] The client socket cannot be initialized to connect to [frontier00076.frontier.olcf.ornl.gov]:29500 (errno: 97 - Address family not supported by protocol).
[W socket.cpp:697] [c10d] The client socket cannot be initialized to connect to [frontier00076.frontier.olcf.ornl.gov]:29500 (errno: 97 - Address family not supported by protocol).
[W socket.cpp:697] [c10d] The client socket cannot be initialized to connect to [frontier00076.frontier.olcf.ornl.gov]:29500 (errno: 97 - Address family not supported by protocol).
[W socket.cpp:697] [c10d] The client socket cannot be initialized to connect to [frontier00076.frontier.olcf.ornl.gov]:29500 (errno: 97 - Address family not supported by protocol).
[W socket.cpp:697] [c10d] The client socket cannot be initialized to connect to [frontier00076.frontier.olcf.ornl.gov]:29500 (errno: 97 - Address family not supported by protocol).
[W socket.cpp:697] [c10d] The client socket cannot be initialized to connect to [frontier00076.frontier.olcf.ornl.gov]:29500 (errno: 97 - Address family not supported by protocol).
[W socket.cpp:697] [c10d] The client socket cannot be initialized to connect to [frontier00076.frontier.olcf.ornl.gov]:29500 (errno: 97 - Address family not supported by protocol).
[W socket.cpp:697] [c10d] The client socket cannot be initialized to connect to [frontier00076.frontier.olcf.ornl.gov]:29500 (errno: 97 - Address family not supported by protocol).
[W socket.cpp:697] [c10d] The client socket cannot be initialized to connect to [frontier00076.frontier.olcf.ornl.gov]:29500 (errno: 97 - Address family not supported by protocol).
[W socket.cpp:697] [c10d] The client socket cannot be initialized to connect to [frontier00076.frontier.olcf.ornl.gov]:29500 (errno: 97 - Address family not supported by protocol).
[W socket.cpp:697] [c10d] The client socket cannot be initialized to connect to [frontier00076.frontier.olcf.ornl.gov]:29500 (errno: 97 - Address family not supported by protocol).
[W socket.cpp:697] [c10d] The client socket cannot be initialized to connect to [frontier00076.frontier.olcf.ornl.gov]:29500 (errno: 97 - Address family not supported by protocol).
[W socket.cpp:697] [c10d] The client socket cannot be initialized to connect to [frontier00076.frontier.olcf.ornl.gov]:29500 (errno: 97 - Address family not supported by protocol).
[W socket.cpp:697] [c10d] The client socket cannot be initialized to connect to [frontier00076.frontier.olcf.ornl.gov]:29500 (errno: 97 - Address family not supported by protocol).
[W socket.cpp:697] [c10d] The client socket cannot be initialized to connect to [frontier00076.frontier.olcf.ornl.gov]:29500 (errno: 97 - Address family not supported by protocol).
[W socket.cpp:697] [c10d] The client socket cannot be initialized to connect to [frontier00076.frontier.olcf.ornl.gov]:29500 (errno: 97 - Address family not supported by protocol).
[W socket.cpp:697] [c10d] The client socket cannot be initialized to connect to [frontier00076.frontier.olcf.ornl.gov]:29500 (errno: 97 - Address family not supported by protocol).
[W socket.cpp:697] [c10d] The client socket cannot be initialized to connect to [frontier00076.frontier.olcf.ornl.gov]:29500 (errno: 97 - Address family not supported by protocol).
[W socket.cpp:697] [c10d] The client socket cannot be initialized to connect to [frontier00076.frontier.olcf.ornl.gov]:29500 (errno: 97 - Address family not supported by protocol).
[W socket.cpp:697] [c10d] The client socket cannot be initialized to connect to [frontier00076.frontier.olcf.ornl.gov]:29500 (errno: 97 - Address family not supported by protocol).
[W socket.cpp:697] [c10d] The client socket cannot be initialized to connect to [frontier00076.frontier.olcf.ornl.gov]:29500 (errno: 97 - Address family not supported by protocol).
[W socket.cpp:697] [c10d] The client socket cannot be initialized to connect to [frontier00076.frontier.olcf.ornl.gov]:29500 (errno: 97 - Address family not supported by protocol).
[W socket.cpp:697] [c10d] The client socket cannot be initialized to connect to [frontier00076.frontier.olcf.ornl.gov]:29500 (errno: 97 - Address family not supported by protocol).
[W socket.cpp:697] [c10d] The client socket cannot be initialized to connect to [frontier00076.frontier.olcf.ornl.gov]:29500 (errno: 97 - Address family not supported by protocol).
[W socket.cpp:697] [c10d] The client socket cannot be initialized to connect to [frontier00076.frontier.olcf.ornl.gov]:29500 (errno: 97 - Address family not supported by protocol).
[W socket.cpp:697] [c10d] The client socket cannot be initialized to connect to [frontier00076.frontier.olcf.ornl.gov]:29500 (errno: 97 - Address family not supported by protocol).
[W socket.cpp:697] [c10d] The client socket cannot be initialized to connect to [frontier00076.frontier.olcf.ornl.gov]:29500 (errno: 97 - Address family not supported by protocol).
[W socket.cpp:697] [c10d] The client socket cannot be initialized to connect to [frontier00076.frontier.olcf.ornl.gov]:29500 (errno: 97 - Address family not supported by protocol).
[W socket.cpp:697] [c10d] The client socket cannot be initialized to connect to [frontier00076.frontier.olcf.ornl.gov]:29500 (errno: 97 - Address family not supported by protocol).
[W socket.cpp:697] [c10d] The client socket cannot be initialized to connect to [frontier00076.frontier.olcf.ornl.gov]:29500 (errno: 97 - Address family not supported by protocol).
[W socket.cpp:697] [c10d] The client socket cannot be initialized to connect to [frontier00076.frontier.olcf.ornl.gov]:29500 (errno: 97 - Address family not supported by protocol).
[W socket.cpp:697] [c10d] The client socket cannot be initialized to connect to [frontier00076.frontier.olcf.ornl.gov]:29500 (errno: 97 - Address family not supported by protocol).
[W socket.cpp:697] [c10d] The client socket cannot be initialized to connect to [frontier00076.frontier.olcf.ornl.gov]:29500 (errno: 97 - Address family not supported by protocol).
[W socket.cpp:697] [c10d] The client socket cannot be initialized to connect to [frontier00076.frontier.olcf.ornl.gov]:29500 (errno: 97 - Address family not supported by protocol).
[W socket.cpp:697] [c10d] The client socket cannot be initialized to connect to [frontier00076.frontier.olcf.ornl.gov]:29500 (errno: 97 - Address family not supported by protocol).
[W socket.cpp:697] [c10d] The client socket cannot be initialized to connect to [frontier00076.frontier.olcf.ornl.gov]:29500 (errno: 97 - Address family not supported by protocol).
[W socket.cpp:697] [c10d] The client socket cannot be initialized to connect to [frontier00076.frontier.olcf.ornl.gov]:29500 (errno: 97 - Address family not supported by protocol).
[W socket.cpp:697] [c10d] The client socket cannot be initialized to connect to [frontier00076.frontier.olcf.ornl.gov]:29500 (errno: 97 - Address family not supported by protocol).
[W socket.cpp:697] [c10d] The client socket cannot be initialized to connect to [frontier00076.frontier.olcf.ornl.gov]:29500 (errno: 97 - Address family not supported by protocol).
[W socket.cpp:697] [c10d] The client socket cannot be initialized to connect to [frontier00076.frontier.olcf.ornl.gov]:29500 (errno: 97 - Address family not supported by protocol).
[W socket.cpp:697] [c10d] The client socket cannot be initialized to connect to [frontier00076.frontier.olcf.ornl.gov]:29500 (errno: 97 - Address family not supported by protocol).
[W socket.cpp:697] [c10d] The client socket cannot be initialized to connect to [frontier00076.frontier.olcf.ornl.gov]:29500 (errno: 97 - Address family not supported by protocol).
[W socket.cpp:697] [c10d] The client socket cannot be initialized to connect to [frontier00076.frontier.olcf.ornl.gov]:29500 (errno: 97 - Address family not supported by protocol).
[W socket.cpp:697] [c10d] The client socket cannot be initialized to connect to [frontier00076.frontier.olcf.ornl.gov]:29500 (errno: 97 - Address family not supported by protocol).
[W socket.cpp:697] [c10d] The client socket cannot be initialized to connect to [frontier00076.frontier.olcf.ornl.gov]:29500 (errno: 97 - Address family not supported by protocol).
[W socket.cpp:697] [c10d] The client socket cannot be initialized to connect to [frontier00076.frontier.olcf.ornl.gov]:29500 (errno: 97 - Address family not supported by protocol).
[W socket.cpp:697] [c10d] The client socket cannot be initialized to connect to [frontier00076.frontier.olcf.ornl.gov]:29500 (errno: 97 - Address family not supported by protocol).
[W socket.cpp:697] [c10d] The client socket cannot be initialized to connect to [frontier00076.frontier.olcf.ornl.gov]:29500 (errno: 97 - Address family not supported by protocol).
[W socket.cpp:697] [c10d] The client socket cannot be initialized to connect to [frontier00076.frontier.olcf.ornl.gov]:29500 (errno: 97 - Address family not supported by protocol).
[W socket.cpp:697] [c10d] The client socket cannot be initialized to connect to [frontier00076.frontier.olcf.ornl.gov]:29500 (errno: 97 - Address family not supported by protocol).
[W socket.cpp:697] [c10d] The client socket cannot be initialized to connect to [frontier00076.frontier.olcf.ornl.gov]:29500 (errno: 97 - Address family not supported by protocol).
[W socket.cpp:697] [c10d] The client socket cannot be initialized to connect to [frontier00076.frontier.olcf.ornl.gov]:29500 (errno: 97 - Address family not supported by protocol).
[W socket.cpp:697] [c10d] The client socket cannot be initialized to connect to [frontier00076.frontier.olcf.ornl.gov]:29500 (errno: 97 - Address family not supported by protocol).
[W socket.cpp:697] [c10d] The client socket cannot be initialized to connect to [frontier00076.frontier.olcf.ornl.gov]:29500 (errno: 97 - Address family not supported by protocol).
[W socket.cpp:697] [c10d] The client socket cannot be initialized to connect to [frontier00076.frontier.olcf.ornl.gov]:29500 (errno: 97 - Address family not supported by protocol).
[W socket.cpp:697] [c10d] The client socket cannot be initialized to connect to [frontier00076.frontier.olcf.ornl.gov]:29500 (errno: 97 - Address family not supported by protocol).
[W socket.cpp:697] [c10d] The client socket cannot be initialized to connect to [frontier00076.frontier.olcf.ornl.gov]:29500 (errno: 97 - Address family not supported by protocol).
[W socket.cpp:697] [c10d] The client socket cannot be initialized to connect to [frontier00076.frontier.olcf.ornl.gov]:29500 (errno: 97 - Address family not supported by protocol).
[W socket.cpp:697] [c10d] The client socket cannot be initialized to connect to [frontier00076.frontier.olcf.ornl.gov]:29500 (errno: 97 - Address family not supported by protocol).
[W socket.cpp:697] [c10d] The client socket cannot be initialized to connect to [frontier00076.frontier.olcf.ornl.gov]:29500 (errno: 97 - Address family not supported by protocol).
[W socket.cpp:697] [c10d] The client socket cannot be initialized to connect to [frontier00076.frontier.olcf.ornl.gov]:29500 (errno: 97 - Address family not supported by protocol).
[W socket.cpp:697] [c10d] The client socket cannot be initialized to connect to [frontier00076.frontier.olcf.ornl.gov]:29500 (errno: 97 - Address family not supported by protocol).
[W socket.cpp:697] [c10d] The client socket cannot be initialized to connect to [frontier00076.frontier.olcf.ornl.gov]:29500 (errno: 97 - Address family not supported by protocol).
[W socket.cpp:697] [c10d] The client socket cannot be initialized to connect to [frontier00076.frontier.olcf.ornl.gov]:29500 (errno: 97 - Address family not supported by protocol).
[W socket.cpp:697] [c10d] The client socket cannot be initialized to connect to [frontier00076.frontier.olcf.ornl.gov]:29500 (errno: 97 - Address family not supported by protocol).
[W socket.cpp:697] [c10d] The client socket cannot be initialized to connect to [frontier00076.frontier.olcf.ornl.gov]:29500 (errno: 97 - Address family not supported by protocol).
[W socket.cpp:697] [c10d] The client socket cannot be initialized to connect to [frontier00076.frontier.olcf.ornl.gov]:29500 (errno: 97 - Address family not supported by protocol).
[W socket.cpp:697] [c10d] The client socket cannot be initialized to connect to [frontier00076.frontier.olcf.ornl.gov]:29500 (errno: 97 - Address family not supported by protocol).
[W socket.cpp:697] [c10d] The client socket cannot be initialized to connect to [frontier00076.frontier.olcf.ornl.gov]:29500 (errno: 97 - Address family not supported by protocol).
[W socket.cpp:697] [c10d] The client socket cannot be initialized to connect to [frontier00076.frontier.olcf.ornl.gov]:29500 (errno: 97 - Address family not supported by protocol).
[W socket.cpp:697] [c10d] The client socket cannot be initialized to connect to [frontier00076.frontier.olcf.ornl.gov]:29500 (errno: 97 - Address family not supported by protocol).
[W socket.cpp:697] [c10d] The client socket cannot be initialized to connect to [frontier00076.frontier.olcf.ornl.gov]:29500 (errno: 97 - Address family not supported by protocol).
[W socket.cpp:697] [c10d] The client socket cannot be initialized to connect to [frontier00076.frontier.olcf.ornl.gov]:29500 (errno: 97 - Address family not supported by protocol).
[W socket.cpp:697] [c10d] The client socket cannot be initialized to connect to [frontier00076.frontier.olcf.ornl.gov]:29500 (errno: 97 - Address family not supported by protocol).
[W socket.cpp:697] [c10d] The client socket cannot be initialized to connect to [frontier00076.frontier.olcf.ornl.gov]:29500 (errno: 97 - Address family not supported by protocol).
[W socket.cpp:697] [c10d] The client socket cannot be initialized to connect to [frontier00076.frontier.olcf.ornl.gov]:29500 (errno: 97 - Address family not supported by protocol).
[W socket.cpp:697] [c10d] The client socket cannot be initialized to connect to [frontier00076.frontier.olcf.ornl.gov]:29500 (errno: 97 - Address family not supported by protocol).
[W socket.cpp:697] [c10d] The client socket cannot be initialized to connect to [frontier00076.frontier.olcf.ornl.gov]:29500 (errno: 97 - Address family not supported by protocol).
[W socket.cpp:697] [c10d] The client socket cannot be initialized to connect to [frontier00076.frontier.olcf.ornl.gov]:29500 (errno: 97 - Address family not supported by protocol).
[W socket.cpp:697] [c10d] The client socket cannot be initialized to connect to [frontier00076.frontier.olcf.ornl.gov]:29500 (errno: 97 - Address family not supported by protocol).
[W socket.cpp:697] [c10d] The client socket cannot be initialized to connect to [frontier00076.frontier.olcf.ornl.gov]:29500 (errno: 97 - Address family not supported by protocol).
[W socket.cpp:697] [c10d] The client socket cannot be initialized to connect to [frontier00076.frontier.olcf.ornl.gov]:29500 (errno: 97 - Address family not supported by protocol).
[W socket.cpp:697] [c10d] The client socket cannot be initialized to connect to [frontier00076.frontier.olcf.ornl.gov]:29500 (errno: 97 - Address family not supported by protocol).
[W socket.cpp:697] [c10d] The client socket cannot be initialized to connect to [frontier00076.frontier.olcf.ornl.gov]:29500 (errno: 97 - Address family not supported by protocol).
[W socket.cpp:697] [c10d] The client socket cannot be initialized to connect to [frontier00076.frontier.olcf.ornl.gov]:29500 (errno: 97 - Address family not supported by protocol).
[W socket.cpp:697] [c10d] The client socket cannot be initialized to connect to [frontier00076.frontier.olcf.ornl.gov]:29500 (errno: 97 - Address family not supported by protocol).
[W socket.cpp:697] [c10d] The client socket cannot be initialized to connect to [frontier00076.frontier.olcf.ornl.gov]:29500 (errno: 97 - Address family not supported by protocol).
[W socket.cpp:697] [c10d] The client socket cannot be initialized to connect to [frontier00076.frontier.olcf.ornl.gov]:29500 (errno: 97 - Address family not supported by protocol).
[W socket.cpp:697] [c10d] The client socket cannot be initialized to connect to [frontier00076.frontier.olcf.ornl.gov]:29500 (errno: 97 - Address family not supported by protocol).
[W socket.cpp:697] [c10d] The client socket cannot be initialized to connect to [frontier00076.frontier.olcf.ornl.gov]:29500 (errno: 97 - Address family not supported by protocol).
[W socket.cpp:697] [c10d] The client socket cannot be initialized to connect to [frontier00076.frontier.olcf.ornl.gov]:29500 (errno: 97 - Address family not supported by protocol).
[W socket.cpp:697] [c10d] The client socket cannot be initialized to connect to [frontier00076.frontier.olcf.ornl.gov]:29500 (errno: 97 - Address family not supported by protocol).
[W socket.cpp:697] [c10d] The client socket cannot be initialized to connect to [frontier00076.frontier.olcf.ornl.gov]:29500 (errno: 97 - Address family not supported by protocol).
[W socket.cpp:697] [c10d] The client socket cannot be initialized to connect to [frontier00076.frontier.olcf.ornl.gov]:29500 (errno: 97 - Address family not supported by protocol).
[W socket.cpp:697] [c10d] The client socket cannot be initialized to connect to [frontier00076.frontier.olcf.ornl.gov]:29500 (errno: 97 - Address family not supported by protocol).
[W socket.cpp:697] [c10d] The client socket cannot be initialized to connect to [frontier00076.frontier.olcf.ornl.gov]:29500 (errno: 97 - Address family not supported by protocol).
[W socket.cpp:697] [c10d] The client socket cannot be initialized to connect to [frontier00076.frontier.olcf.ornl.gov]:29500 (errno: 97 - Address family not supported by protocol).
[W socket.cpp:697] [c10d] The client socket cannot be initialized to connect to [frontier00076.frontier.olcf.ornl.gov]:29500 (errno: 97 - Address family not supported by protocol).
[W socket.cpp:697] [c10d] The client socket cannot be initialized to connect to [frontier00076.frontier.olcf.ornl.gov]:29500 (errno: 97 - Address family not supported by protocol).
[W socket.cpp:697] [c10d] The client socket cannot be initialized to connect to [frontier00076.frontier.olcf.ornl.gov]:29500 (errno: 97 - Address family not supported by protocol).
[W socket.cpp:697] [c10d] The client socket cannot be initialized to connect to [frontier00076.frontier.olcf.ornl.gov]:29500 (errno: 97 - Address family not supported by protocol).
[W socket.cpp:697] [c10d] The client socket cannot be initialized to connect to [frontier00076.frontier.olcf.ornl.gov]:29500 (errno: 97 - Address family not supported by protocol).
[W socket.cpp:697] [c10d] The client socket cannot be initialized to connect to [frontier00076.frontier.olcf.ornl.gov]:29500 (errno: 97 - Address family not supported by protocol).
[W socket.cpp:697] [c10d] The client socket cannot be initialized to connect to [frontier00076.frontier.olcf.ornl.gov]:29500 (errno: 97 - Address family not supported by protocol).
[W socket.cpp:697] [c10d] The client socket cannot be initialized to connect to [frontier00076.frontier.olcf.ornl.gov]:29500 (errno: 97 - Address family not supported by protocol).
[W socket.cpp:697] [c10d] The client socket cannot be initialized to connect to [frontier00076.frontier.olcf.ornl.gov]:29500 (errno: 97 - Address family not supported by protocol).
[W socket.cpp:697] [c10d] The client socket cannot be initialized to connect to [frontier00076.frontier.olcf.ornl.gov]:29500 (errno: 97 - Address family not supported by protocol).
[W socket.cpp:697] [c10d] The client socket cannot be initialized to connect to [frontier00076.frontier.olcf.ornl.gov]:29500 (errno: 97 - Address family not supported by protocol).
[W socket.cpp:697] [c10d] The client socket cannot be initialized to connect to [frontier00076.frontier.olcf.ornl.gov]:29500 (errno: 97 - Address family not supported by protocol).
[W socket.cpp:697] [c10d] The client socket cannot be initialized to connect to [frontier00076.frontier.olcf.ornl.gov]:29500 (errno: 97 - Address family not supported by protocol).
[W socket.cpp:697] [c10d] The client socket cannot be initialized to connect to [frontier00076.frontier.olcf.ornl.gov]:29500 (errno: 97 - Address family not supported by protocol).
[W socket.cpp:697] [c10d] The client socket cannot be initialized to connect to [frontier00076.frontier.olcf.ornl.gov]:29500 (errno: 97 - Address family not supported by protocol).
[W socket.cpp:697] [c10d] The client socket cannot be initialized to connect to [frontier00076.frontier.olcf.ornl.gov]:29500 (errno: 97 - Address family not supported by protocol).
[W socket.cpp:697] [c10d] The client socket cannot be initialized to connect to [frontier00076.frontier.olcf.ornl.gov]:29500 (errno: 97 - Address family not supported by protocol).
[W socket.cpp:697] [c10d] The client socket cannot be initialized to connect to [frontier00076.frontier.olcf.ornl.gov]:29500 (errno: 97 - Address family not supported by protocol).
[W socket.cpp:697] [c10d] The client socket cannot be initialized to connect to [frontier00076.frontier.olcf.ornl.gov]:29500 (errno: 97 - Address family not supported by protocol).
[W socket.cpp:697] [c10d] The client socket cannot be initialized to connect to [frontier00076.frontier.olcf.ornl.gov]:29500 (errno: 97 - Address family not supported by protocol).
[W socket.cpp:697] [c10d] The client socket cannot be initialized to connect to [frontier00076.frontier.olcf.ornl.gov]:29500 (errno: 97 - Address family not supported by protocol).
[W socket.cpp:697] [c10d] The client socket cannot be initialized to connect to [frontier00076.frontier.olcf.ornl.gov]:29500 (errno: 97 - Address family not supported by protocol).
[W socket.cpp:697] [c10d] The client socket cannot be initialized to connect to [frontier00076.frontier.olcf.ornl.gov]:29500 (errno: 97 - Address family not supported by protocol).
[W socket.cpp:697] [c10d] The client socket cannot be initialized to connect to [frontier00076.frontier.olcf.ornl.gov]:29500 (errno: 97 - Address family not supported by protocol).
[W socket.cpp:697] [c10d] The client socket cannot be initialized to connect to [frontier00076.frontier.olcf.ornl.gov]:29500 (errno: 97 - Address family not supported by protocol).
[W socket.cpp:697] [c10d] The client socket cannot be initialized to connect to [frontier00076.frontier.olcf.ornl.gov]:29500 (errno: 97 - Address family not supported by protocol).
[W socket.cpp:697] [c10d] The client socket cannot be initialized to connect to [frontier00076.frontier.olcf.ornl.gov]:29500 (errno: 97 - Address family not supported by protocol).
[W socket.cpp:697] [c10d] The client socket cannot be initialized to connect to [frontier00076.frontier.olcf.ornl.gov]:29500 (errno: 97 - Address family not supported by protocol).
[W socket.cpp:697] [c10d] The client socket cannot be initialized to connect to [frontier00076.frontier.olcf.ornl.gov]:29500 (errno: 97 - Address family not supported by protocol).
[W socket.cpp:697] [c10d] The client socket cannot be initialized to connect to [frontier00076.frontier.olcf.ornl.gov]:29500 (errno: 97 - Address family not supported by protocol).
[W socket.cpp:697] [c10d] The client socket cannot be initialized to connect to [frontier00076.frontier.olcf.ornl.gov]:29500 (errno: 97 - Address family not supported by protocol).
[W socket.cpp:697] [c10d] The client socket cannot be initialized to connect to [frontier00076.frontier.olcf.ornl.gov]:29500 (errno: 97 - Address family not supported by protocol).
[W socket.cpp:697] [c10d] The client socket cannot be initialized to connect to [frontier00076.frontier.olcf.ornl.gov]:29500 (errno: 97 - Address family not supported by protocol).
[W socket.cpp:697] [c10d] The client socket cannot be initialized to connect to [frontier00076.frontier.olcf.ornl.gov]:29500 (errno: 97 - Address family not supported by protocol).
[W socket.cpp:697] [c10d] The client socket cannot be initialized to connect to [frontier00076.frontier.olcf.ornl.gov]:29500 (errno: 97 - Address family not supported by protocol).
[W socket.cpp:697] [c10d] The client socket cannot be initialized to connect to [frontier00076.frontier.olcf.ornl.gov]:29500 (errno: 97 - Address family not supported by protocol).
[W socket.cpp:697] [c10d] The client socket cannot be initialized to connect to [frontier00076.frontier.olcf.ornl.gov]:29500 (errno: 97 - Address family not supported by protocol).
[W socket.cpp:697] [c10d] The client socket cannot be initialized to connect to [frontier00076.frontier.olcf.ornl.gov]:29500 (errno: 97 - Address family not supported by protocol).
[W socket.cpp:697] [c10d] The client socket cannot be initialized to connect to [frontier00076.frontier.olcf.ornl.gov]:29500 (errno: 97 - Address family not supported by protocol).
[W socket.cpp:697] [c10d] The client socket cannot be initialized to connect to [frontier00076.frontier.olcf.ornl.gov]:29500 (errno: 97 - Address family not supported by protocol).
[W socket.cpp:697] [c10d] The client socket cannot be initialized to connect to [frontier00076.frontier.olcf.ornl.gov]:29500 (errno: 97 - Address family not supported by protocol).
[W socket.cpp:697] [c10d] The client socket cannot be initialized to connect to [frontier00076.frontier.olcf.ornl.gov]:29500 (errno: 97 - Address family not supported by protocol).
[W socket.cpp:697] [c10d] The client socket cannot be initialized to connect to [frontier00076.frontier.olcf.ornl.gov]:29500 (errno: 97 - Address family not supported by protocol).
[W socket.cpp:697] [c10d] The client socket cannot be initialized to connect to [frontier00076.frontier.olcf.ornl.gov]:29500 (errno: 97 - Address family not supported by protocol).
[W socket.cpp:697] [c10d] The client socket cannot be initialized to connect to [frontier00076.frontier.olcf.ornl.gov]:29500 (errno: 97 - Address family not supported by protocol).
[W socket.cpp:697] [c10d] The client socket cannot be initialized to connect to [frontier00076.frontier.olcf.ornl.gov]:29500 (errno: 97 - Address family not supported by protocol).
[W socket.cpp:697] [c10d] The client socket cannot be initialized to connect to [frontier00076.frontier.olcf.ornl.gov]:29500 (errno: 97 - Address family not supported by protocol).
[W socket.cpp:697] [c10d] The client socket cannot be initialized to connect to [frontier00076.frontier.olcf.ornl.gov]:29500 (errno: 97 - Address family not supported by protocol).
[W socket.cpp:697] [c10d] The client socket cannot be initialized to connect to [frontier00076.frontier.olcf.ornl.gov]:29500 (errno: 97 - Address family not supported by protocol).
[W socket.cpp:697] [c10d] The client socket cannot be initialized to connect to [frontier00076.frontier.olcf.ornl.gov]:29500 (errno: 97 - Address family not supported by protocol).
[W socket.cpp:697] [c10d] The client socket cannot be initialized to connect to [frontier00076.frontier.olcf.ornl.gov]:29500 (errno: 97 - Address family not supported by protocol).
[W socket.cpp:697] [c10d] The client socket cannot be initialized to connect to [frontier00076.frontier.olcf.ornl.gov]:29500 (errno: 97 - Address family not supported by protocol).
[W socket.cpp:697] [c10d] The client socket cannot be initialized to connect to [frontier00076.frontier.olcf.ornl.gov]:29500 (errno: 97 - Address family not supported by protocol).
[W socket.cpp:697] [c10d] The client socket cannot be initialized to connect to [frontier00076.frontier.olcf.ornl.gov]:29500 (errno: 97 - Address family not supported by protocol).
[W socket.cpp:697] [c10d] The client socket cannot be initialized to connect to [frontier00076.frontier.olcf.ornl.gov]:29500 (errno: 97 - Address family not supported by protocol).
[W socket.cpp:697] [c10d] The client socket cannot be initialized to connect to [frontier00076.frontier.olcf.ornl.gov]:29500 (errno: 97 - Address family not supported by protocol).
[W socket.cpp:697] [c10d] The client socket cannot be initialized to connect to [frontier00076.frontier.olcf.ornl.gov]:29500 (errno: 97 - Address family not supported by protocol).
[W socket.cpp:697] [c10d] The client socket cannot be initialized to connect to [frontier00076.frontier.olcf.ornl.gov]:29500 (errno: 97 - Address family not supported by protocol).
[W socket.cpp:697] [c10d] The client socket cannot be initialized to connect to [frontier00076.frontier.olcf.ornl.gov]:29500 (errno: 97 - Address family not supported by protocol).
[W socket.cpp:697] [c10d] The client socket cannot be initialized to connect to [frontier00076.frontier.olcf.ornl.gov]:29500 (errno: 97 - Address family not supported by protocol).
[W socket.cpp:697] [c10d] The client socket cannot be initialized to connect to [frontier00076.frontier.olcf.ornl.gov]:29500 (errno: 97 - Address family not supported by protocol).
[W socket.cpp:697] [c10d] The client socket cannot be initialized to connect to [frontier00076.frontier.olcf.ornl.gov]:29500 (errno: 97 - Address family not supported by protocol).
[W socket.cpp:697] [c10d] The client socket cannot be initialized to connect to [frontier00076.frontier.olcf.ornl.gov]:29500 (errno: 97 - Address family not supported by protocol).
[W socket.cpp:697] [c10d] The client socket cannot be initialized to connect to [frontier00076.frontier.olcf.ornl.gov]:29500 (errno: 97 - Address family not supported by protocol).
[W socket.cpp:697] [c10d] The client socket cannot be initialized to connect to [frontier00076.frontier.olcf.ornl.gov]:29500 (errno: 97 - Address family not supported by protocol).
[W socket.cpp:697] [c10d] The client socket cannot be initialized to connect to [frontier00076.frontier.olcf.ornl.gov]:29500 (errno: 97 - Address family not supported by protocol).
[W socket.cpp:697] [c10d] The client socket cannot be initialized to connect to [frontier00076.frontier.olcf.ornl.gov]:29500 (errno: 97 - Address family not supported by protocol).
[W socket.cpp:697] [c10d] The client socket cannot be initialized to connect to [frontier00076.frontier.olcf.ornl.gov]:29500 (errno: 97 - Address family not supported by protocol).
[W socket.cpp:697] [c10d] The client socket cannot be initialized to connect to [frontier00076.frontier.olcf.ornl.gov]:29500 (errno: 97 - Address family not supported by protocol).
[W socket.cpp:697] [c10d] The client socket cannot be initialized to connect to [frontier00076.frontier.olcf.ornl.gov]:29500 (errno: 97 - Address family not supported by protocol).
[W socket.cpp:697] [c10d] The client socket cannot be initialized to connect to [frontier00076.frontier.olcf.ornl.gov]:29500 (errno: 97 - Address family not supported by protocol).
[W socket.cpp:697] [c10d] The client socket cannot be initialized to connect to [frontier00076.frontier.olcf.ornl.gov]:29500 (errno: 97 - Address family not supported by protocol).
[W socket.cpp:697] [c10d] The client socket cannot be initialized to connect to [frontier00076.frontier.olcf.ornl.gov]:29500 (errno: 97 - Address family not supported by protocol).
[W socket.cpp:697] [c10d] The client socket cannot be initialized to connect to [frontier00076.frontier.olcf.ornl.gov]:29500 (errno: 97 - Address family not supported by protocol).
[W socket.cpp:697] [c10d] The client socket cannot be initialized to connect to [frontier00076.frontier.olcf.ornl.gov]:29500 (errno: 97 - Address family not supported by protocol).
[W socket.cpp:697] [c10d] The client socket cannot be initialized to connect to [frontier00076.frontier.olcf.ornl.gov]:29500 (errno: 97 - Address family not supported by protocol).
[W socket.cpp:697] [c10d] The client socket cannot be initialized to connect to [frontier00076.frontier.olcf.ornl.gov]:29500 (errno: 97 - Address family not supported by protocol).
[W socket.cpp:697] [c10d] The client socket cannot be initialized to connect to [frontier00076.frontier.olcf.ornl.gov]:29500 (errno: 97 - Address family not supported by protocol).
[W socket.cpp:697] [c10d] The client socket cannot be initialized to connect to [frontier00076.frontier.olcf.ornl.gov]:29500 (errno: 97 - Address family not supported by protocol).
[W socket.cpp:697] [c10d] The client socket cannot be initialized to connect to [frontier00076.frontier.olcf.ornl.gov]:29500 (errno: 97 - Address family not supported by protocol).
[W socket.cpp:697] [c10d] The client socket cannot be initialized to connect to [frontier00076.frontier.olcf.ornl.gov]:29500 (errno: 97 - Address family not supported by protocol).
[W socket.cpp:697] [c10d] The client socket cannot be initialized to connect to [frontier00076.frontier.olcf.ornl.gov]:29500 (errno: 97 - Address family not supported by protocol).
[W socket.cpp:697] [c10d] The client socket cannot be initialized to connect to [frontier00076.frontier.olcf.ornl.gov]:29500 (errno: 97 - Address family not supported by protocol).
[W socket.cpp:697] [c10d] The client socket cannot be initialized to connect to [frontier00076.frontier.olcf.ornl.gov]:29500 (errno: 97 - Address family not supported by protocol).
[W socket.cpp:697] [c10d] The client socket cannot be initialized to connect to [frontier00076.frontier.olcf.ornl.gov]:29500 (errno: 97 - Address family not supported by protocol).
[W socket.cpp:697] [c10d] The client socket cannot be initialized to connect to [frontier00076.frontier.olcf.ornl.gov]:29500 (errno: 97 - Address family not supported by protocol).
[W socket.cpp:697] [c10d] The client socket cannot be initialized to connect to [frontier00076.frontier.olcf.ornl.gov]:29500 (errno: 97 - Address family not supported by protocol).
[W socket.cpp:697] [c10d] The client socket cannot be initialized to connect to [frontier00076.frontier.olcf.ornl.gov]:29500 (errno: 97 - Address family not supported by protocol).
[W socket.cpp:697] [c10d] The client socket cannot be initialized to connect to [frontier00076.frontier.olcf.ornl.gov]:29500 (errno: 97 - Address family not supported by protocol).
[W socket.cpp:697] [c10d] The client socket cannot be initialized to connect to [frontier00076.frontier.olcf.ornl.gov]:29500 (errno: 97 - Address family not supported by protocol).
[W socket.cpp:697] [c10d] The client socket cannot be initialized to connect to [frontier00076.frontier.olcf.ornl.gov]:29500 (errno: 97 - Address family not supported by protocol).
[W socket.cpp:697] [c10d] The client socket cannot be initialized to connect to [frontier00076.frontier.olcf.ornl.gov]:29500 (errno: 97 - Address family not supported by protocol).
[W socket.cpp:697] [c10d] The client socket cannot be initialized to connect to [frontier00076.frontier.olcf.ornl.gov]:29500 (errno: 97 - Address family not supported by protocol).
[W socket.cpp:697] [c10d] The client socket cannot be initialized to connect to [frontier00076.frontier.olcf.ornl.gov]:29500 (errno: 97 - Address family not supported by protocol).
[W socket.cpp:697] [c10d] The client socket cannot be initialized to connect to [frontier00076.frontier.olcf.ornl.gov]:29500 (errno: 97 - Address family not supported by protocol).
[W socket.cpp:697] [c10d] The client socket cannot be initialized to connect to [frontier00076.frontier.olcf.ornl.gov]:29500 (errno: 97 - Address family not supported by protocol).
[W socket.cpp:697] [c10d] The client socket cannot be initialized to connect to [frontier00076.frontier.olcf.ornl.gov]:29500 (errno: 97 - Address family not supported by protocol).
[W socket.cpp:697] [c10d] The client socket cannot be initialized to connect to [frontier00076.frontier.olcf.ornl.gov]:29500 (errno: 97 - Address family not supported by protocol).
[W socket.cpp:697] [c10d] The client socket cannot be initialized to connect to [frontier00076.frontier.olcf.ornl.gov]:29500 (errno: 97 - Address family not supported by protocol).
[W socket.cpp:697] [c10d] The client socket cannot be initialized to connect to [frontier00076.frontier.olcf.ornl.gov]:29500 (errno: 97 - Address family not supported by protocol).
[W socket.cpp:697] [c10d] The client socket cannot be initialized to connect to [frontier00076.frontier.olcf.ornl.gov]:29500 (errno: 97 - Address family not supported by protocol).
[W socket.cpp:697] [c10d] The client socket cannot be initialized to connect to [frontier00076.frontier.olcf.ornl.gov]:29500 (errno: 97 - Address family not supported by protocol).
[W socket.cpp:697] [c10d] The client socket cannot be initialized to connect to [frontier00076.frontier.olcf.ornl.gov]:29500 (errno: 97 - Address family not supported by protocol).
[W socket.cpp:697] [c10d] The client socket cannot be initialized to connect to [frontier00076.frontier.olcf.ornl.gov]:29500 (errno: 97 - Address family not supported by protocol).
[W socket.cpp:697] [c10d] The client socket cannot be initialized to connect to [frontier00076.frontier.olcf.ornl.gov]:29500 (errno: 97 - Address family not supported by protocol).
[W socket.cpp:697] [c10d] The client socket cannot be initialized to connect to [frontier00076.frontier.olcf.ornl.gov]:29500 (errno: 97 - Address family not supported by protocol).
[W socket.cpp:697] [c10d] The client socket cannot be initialized to connect to [frontier00076.frontier.olcf.ornl.gov]:29500 (errno: 97 - Address family not supported by protocol).
[W socket.cpp:697] [c10d] The client socket cannot be initialized to connect to [frontier00076.frontier.olcf.ornl.gov]:29500 (errno: 97 - Address family not supported by protocol).
[W socket.cpp:697] [c10d] The client socket cannot be initialized to connect to [frontier00076.frontier.olcf.ornl.gov]:29500 (errno: 97 - Address family not supported by protocol).
output size = 1 MB
Method = nccl
All-gather bus bw for 256 GPUs is 0.047 GBPS for message output size 1.049 MB
time = 22.442 ms
Method = mpi
All-gather bus bw for 256 GPUs is 0.769 GBPS for message output size 1.049 MB
time = 1.358 ms
Method = hybrid
All-gather bus bw for 256 GPUs is 0.996 GBPS for message output size 1.049 MB
time = 1.049 ms
===============================
output size = 2 MB
Method = nccl
All-gather bus bw for 256 GPUs is 0.929 GBPS for message output size 2.097 MB
time = 2.248 ms
Method = mpi
All-gather bus bw for 256 GPUs is 0.969 GBPS for message output size 2.097 MB
time = 2.155 ms
Method = hybrid
All-gather bus bw for 256 GPUs is 2.012 GBPS for message output size 2.097 MB
time = 1.038 ms
===============================
output size = 4 MB
Method = nccl
All-gather bus bw for 256 GPUs is 1.373 GBPS for message output size 4.194 MB
time = 3.043 ms
Method = mpi
All-gather bus bw for 256 GPUs is 0.860 GBPS for message output size 4.194 MB
time = 4.859 ms
Method = hybrid
All-gather bus bw for 256 GPUs is 4.154 GBPS for message output size 4.194 MB
time = 1.006 ms
===============================
output size = 8 MB
Method = nccl
All-gather bus bw for 256 GPUs is 1.714 GBPS for message output size 8.389 MB
time = 4.874 ms
Method = mpi
All-gather bus bw for 256 GPUs is 1.582 GBPS for message output size 8.389 MB
time = 5.281 ms
Method = hybrid
All-gather bus bw for 256 GPUs is 8.075 GBPS for message output size 8.389 MB
time = 1.035 ms
===============================
output size = 16 MB
Method = nccl
All-gather bus bw for 256 GPUs is 3.262 GBPS for message output size 16.777 MB
time = 5.123 ms
Method = mpi
All-gather bus bw for 256 GPUs is 2.879 GBPS for message output size 16.777 MB
time = 5.805 ms
Method = hybrid
All-gather bus bw for 256 GPUs is 15.065 GBPS for message output size 16.777 MB
time = 1.109 ms
===============================
output size = 32 MB
Method = nccl
All-gather bus bw for 256 GPUs is 4.389 GBPS for message output size 33.554 MB
time = 7.616 ms
Method = mpi
All-gather bus bw for 256 GPUs is 5.073 GBPS for message output size 33.554 MB
time = 6.589 ms
Method = hybrid
All-gather bus bw for 256 GPUs is 26.924 GBPS for message output size 33.554 MB
time = 1.241 ms
===============================
output size = 64 MB
Method = nccl
All-gather bus bw for 256 GPUs is 8.764 GBPS for message output size 67.109 MB
time = 7.628 ms
Method = mpi
All-gather bus bw for 256 GPUs is 8.128 GBPS for message output size 67.109 MB
time = 8.224 ms
Method = hybrid
All-gather bus bw for 256 GPUs is 37.582 GBPS for message output size 67.109 MB
time = 1.779 ms
===============================
output size = 128 MB
Method = nccl
All-gather bus bw for 256 GPUs is 17.092 GBPS for message output size 134.218 MB
time = 7.822 ms
Method = mpi
All-gather bus bw for 256 GPUs is 11.777 GBPS for message output size 134.218 MB
time = 11.352 ms
Method = hybrid
All-gather bus bw for 256 GPUs is 42.359 GBPS for message output size 134.218 MB
time = 3.156 ms
===============================
output size = 256 MB
Method = nccl
All-gather bus bw for 256 GPUs is 30.350 GBPS for message output size 268.435 MB
time = 8.810 ms
Method = mpi
All-gather bus bw for 256 GPUs is 15.203 GBPS for message output size 268.435 MB
time = 17.587 ms
Method = hybrid
All-gather bus bw for 256 GPUs is 45.904 GBPS for message output size 268.435 MB
time = 5.825 ms
===============================
output size = 512 MB
Method = nccl
All-gather bus bw for 256 GPUs is 54.544 GBPS for message output size 536.871 MB
time = 9.805 ms
Method = mpi
All-gather bus bw for 256 GPUs is 18.061 GBPS for message output size 536.871 MB
time = 29.609 ms
Method = hybrid
All-gather bus bw for 256 GPUs is 49.186 GBPS for message output size 536.871 MB
time = 10.873 ms
===============================
output size = 1024 MB
Method = nccl
All-gather bus bw for 256 GPUs is 70.898 GBPS for message output size 1073.742 MB
time = 15.086 ms
Method = mpi
All-gather bus bw for 256 GPUs is 19.855 GBPS for message output size 1073.742 MB
time = 53.868 ms
Method = hybrid
All-gather bus bw for 256 GPUs is 49.408 GBPS for message output size 1073.742 MB
time = 21.647 ms
===============================
{'mpi': [0.7689791497919299, 0.969177157907326, 0.8598673626328169, 1.5823203678903905, 2.878598275066898, 5.0726465297195675, 8.128397130431683, 11.776959722452077, 15.20342438640084, 18.06133341544186, 19.855149468494375], 'rccl': [0.04654068703190765, 0.9292377867202639, 1.3731831798339358, 1.7142532915374364, 3.261809517607355, 4.388762546907438, 8.763880927635572, 17.09234673333379, 30.349614102158203, 54.543679402419755, 70.89808182359147], 'hybrid': [0.9956292549506309, 2.0122500042364293, 4.154021893144064, 8.075261650223085, 15.06455220879577, 26.923505948390552, 37.5823714517984, 42.35870926898726, 45.904488938764636, 49.185768358208705, 49.40789441117946]}

MPICH Slingshot Network Summary: 0 network timeouts

