srun -N 4 -n 32 -c7 --ntasks-per-node=8 --gpus-per-node=8 python -u benchmark_all_gather.py
[W socket.cpp:464] [c10d] The server socket cannot be initialized on [::]:29500 (errno: 97 - Address family not supported by protocol).
[W socket.cpp:697] [c10d] The client socket cannot be initialized to connect to [frontier03544.frontier.olcf.ornl.gov]:29500 (errno: 97 - Address family not supported by protocol).
[W socket.cpp:697] [c10d] The client socket cannot be initialized to connect to [frontier03544.frontier.olcf.ornl.gov]:29500 (errno: 97 - Address family not supported by protocol).
[W socket.cpp:697] [c10d] The client socket cannot be initialized to connect to [frontier03544.frontier.olcf.ornl.gov]:29500 (errno: 97 - Address family not supported by protocol).
[W socket.cpp:697] [c10d] The client socket cannot be initialized to connect to [frontier03544.frontier.olcf.ornl.gov]:29500 (errno: 97 - Address family not supported by protocol).
[W socket.cpp:697] [c10d] The client socket cannot be initialized to connect to [frontier03544.frontier.olcf.ornl.gov]:29500 (errno: 97 - Address family not supported by protocol).
[W socket.cpp:697] [c10d] The client socket cannot be initialized to connect to [frontier03544.frontier.olcf.ornl.gov]:29500 (errno: 97 - Address family not supported by protocol).
[W socket.cpp:697] [c10d] The client socket cannot be initialized to connect to [frontier03544.frontier.olcf.ornl.gov]:29500 (errno: 97 - Address family not supported by protocol).
[W socket.cpp:697] [c10d] The client socket cannot be initialized to connect to [frontier03544.frontier.olcf.ornl.gov]:29500 (errno: 97 - Address family not supported by protocol).
[W socket.cpp:697] [c10d] The client socket cannot be initialized to connect to [frontier03544.frontier.olcf.ornl.gov]:29500 (errno: 97 - Address family not supported by protocol).
[W socket.cpp:697] [c10d] The client socket cannot be initialized to connect to [frontier03544.frontier.olcf.ornl.gov]:29500 (errno: 97 - Address family not supported by protocol).
[W socket.cpp:697] [c10d] The client socket cannot be initialized to connect to [frontier03544.frontier.olcf.ornl.gov]:29500 (errno: 97 - Address family not supported by protocol).
[W socket.cpp:697] [c10d] The client socket cannot be initialized to connect to [frontier03544.frontier.olcf.ornl.gov]:29500 (errno: 97 - Address family not supported by protocol).
[W socket.cpp:697] [c10d] The client socket cannot be initialized to connect to [frontier03544.frontier.olcf.ornl.gov]:29500 (errno: 97 - Address family not supported by protocol).
[W socket.cpp:697] [c10d] The client socket cannot be initialized to connect to [frontier03544.frontier.olcf.ornl.gov]:29500 (errno: 97 - Address family not supported by protocol).
[W socket.cpp:697] [c10d] The client socket cannot be initialized to connect to [frontier03544.frontier.olcf.ornl.gov]:29500 (errno: 97 - Address family not supported by protocol).
[W socket.cpp:697] [c10d] The client socket cannot be initialized to connect to [frontier03544.frontier.olcf.ornl.gov]:29500 (errno: 97 - Address family not supported by protocol).
[W socket.cpp:697] [c10d] The client socket cannot be initialized to connect to [frontier03544.frontier.olcf.ornl.gov]:29500 (errno: 97 - Address family not supported by protocol).
[W socket.cpp:697] [c10d] The client socket cannot be initialized to connect to [frontier03544.frontier.olcf.ornl.gov]:29500 (errno: 97 - Address family not supported by protocol).
[W socket.cpp:697] [c10d] The client socket cannot be initialized to connect to [frontier03544.frontier.olcf.ornl.gov]:29500 (errno: 97 - Address family not supported by protocol).
[W socket.cpp:697] [c10d] The client socket cannot be initialized to connect to [frontier03544.frontier.olcf.ornl.gov]:29500 (errno: 97 - Address family not supported by protocol).
[W socket.cpp:697] [c10d] The client socket cannot be initialized to connect to [frontier03544.frontier.olcf.ornl.gov]:29500 (errno: 97 - Address family not supported by protocol).
[W socket.cpp:697] [c10d] The client socket cannot be initialized to connect to [frontier03544.frontier.olcf.ornl.gov]:29500 (errno: 97 - Address family not supported by protocol).
[W socket.cpp:697] [c10d] The client socket cannot be initialized to connect to [frontier03544.frontier.olcf.ornl.gov]:29500 (errno: 97 - Address family not supported by protocol).
[W socket.cpp:697] [c10d] The client socket cannot be initialized to connect to [frontier03544.frontier.olcf.ornl.gov]:29500 (errno: 97 - Address family not supported by protocol).
[W socket.cpp:697] [c10d] The client socket cannot be initialized to connect to [frontier03544.frontier.olcf.ornl.gov]:29500 (errno: 97 - Address family not supported by protocol).
[W socket.cpp:697] [c10d] The client socket cannot be initialized to connect to [frontier03544.frontier.olcf.ornl.gov]:29500 (errno: 97 - Address family not supported by protocol).
[W socket.cpp:697] [c10d] The client socket cannot be initialized to connect to [frontier03544.frontier.olcf.ornl.gov]:29500 (errno: 97 - Address family not supported by protocol).
[W socket.cpp:697] [c10d] The client socket cannot be initialized to connect to [frontier03544.frontier.olcf.ornl.gov]:29500 (errno: 97 - Address family not supported by protocol).
[W socket.cpp:697] [c10d] The client socket cannot be initialized to connect to [frontier03544.frontier.olcf.ornl.gov]:29500 (errno: 97 - Address family not supported by protocol).
[W socket.cpp:697] [c10d] The client socket cannot be initialized to connect to [frontier03544.frontier.olcf.ornl.gov]:29500 (errno: 97 - Address family not supported by protocol).
[W socket.cpp:697] [c10d] The client socket cannot be initialized to connect to [frontier03544.frontier.olcf.ornl.gov]:29500 (errno: 97 - Address family not supported by protocol).
[W socket.cpp:697] [c10d] The client socket cannot be initialized to connect to [frontier03544.frontier.olcf.ornl.gov]:29500 (errno: 97 - Address family not supported by protocol).
output size = 1 MB
Method = nccl
All-gather bus bw for 32 GPUs is 0.734 GBPS for message output size 1.049 MB
time = 1.384 ms
Method = mpi
All-gather bus bw for 32 GPUs is 2.964 GBPS for message output size 1.049 MB
time = 0.343 ms
Method = hybrid
All-gather bus bw for 32 GPUs is 2.937 GBPS for message output size 1.049 MB
time = 0.346 ms
===============================
output size = 2 MB
Method = nccl
All-gather bus bw for 32 GPUs is 0.029 GBPS for message output size 2.097 MB
time = 70.833 ms
Method = mpi
All-gather bus bw for 32 GPUs is 4.832 GBPS for message output size 2.097 MB
time = 0.420 ms
Method = hybrid
All-gather bus bw for 32 GPUs is 5.783 GBPS for message output size 2.097 MB
time = 0.351 ms
===============================
output size = 4 MB
Method = nccl
All-gather bus bw for 32 GPUs is 0.060 GBPS for message output size 4.194 MB
time = 67.958 ms
Method = mpi
All-gather bus bw for 32 GPUs is 6.768 GBPS for message output size 4.194 MB
time = 0.600 ms
Method = hybrid
All-gather bus bw for 32 GPUs is 10.104 GBPS for message output size 4.194 MB
time = 0.402 ms
===============================
output size = 8 MB
Method = nccl
All-gather bus bw for 32 GPUs is 0.120 GBPS for message output size 8.389 MB
time = 67.816 ms
Method = mpi
All-gather bus bw for 32 GPUs is 8.232 GBPS for message output size 8.389 MB
time = 0.987 ms
Method = hybrid
All-gather bus bw for 32 GPUs is 16.459 GBPS for message output size 8.389 MB
time = 0.494 ms
===============================
output size = 16 MB
Method = nccl
All-gather bus bw for 32 GPUs is 14.602 GBPS for message output size 16.777 MB
time = 1.113 ms
Method = mpi
All-gather bus bw for 32 GPUs is 9.847 GBPS for message output size 16.777 MB
time = 1.650 ms
Method = hybrid
All-gather bus bw for 32 GPUs is 31.405 GBPS for message output size 16.777 MB
time = 0.518 ms
===============================
output size = 32 MB
Method = nccl
All-gather bus bw for 32 GPUs is 25.209 GBPS for message output size 33.554 MB
time = 1.289 ms
Method = mpi
All-gather bus bw for 32 GPUs is 10.460 GBPS for message output size 33.554 MB
time = 3.108 ms
Method = hybrid
All-gather bus bw for 32 GPUs is 39.503 GBPS for message output size 33.554 MB
time = 0.823 ms
===============================
output size = 64 MB
Method = nccl
All-gather bus bw for 32 GPUs is 46.090 GBPS for message output size 67.109 MB
time = 1.411 ms
Method = mpi
All-gather bus bw for 32 GPUs is 18.269 GBPS for message output size 67.109 MB
time = 3.558 ms
Method = hybrid
All-gather bus bw for 32 GPUs is 43.810 GBPS for message output size 67.109 MB
time = 1.484 ms
===============================
output size = 128 MB
Method = nccl
All-gather bus bw for 32 GPUs is 69.246 GBPS for message output size 134.218 MB
time = 1.878 ms
Method = mpi
All-gather bus bw for 32 GPUs is 20.093 GBPS for message output size 134.218 MB
time = 6.471 ms
Method = hybrid
All-gather bus bw for 32 GPUs is 46.506 GBPS for message output size 134.218 MB
time = 2.796 ms
===============================
output size = 256 MB
Method = nccl
All-gather bus bw for 32 GPUs is 71.161 GBPS for message output size 268.435 MB
time = 3.654 ms
Method = mpi
All-gather bus bw for 32 GPUs is 19.871 GBPS for message output size 268.435 MB
time = 13.087 ms
Method = hybrid
All-gather bus bw for 32 GPUs is 47.236 GBPS for message output size 268.435 MB
time = 5.505 ms
===============================
output size = 512 MB
Method = nccl
All-gather bus bw for 32 GPUs is 71.705 GBPS for message output size 536.871 MB
time = 7.253 ms
Method = mpi
All-gather bus bw for 32 GPUs is 21.403 GBPS for message output size 536.871 MB
time = 24.300 ms
Method = hybrid
All-gather bus bw for 32 GPUs is 47.710 GBPS for message output size 536.871 MB
time = 10.901 ms
===============================
output size = 1024 MB
Method = nccl
All-gather bus bw for 32 GPUs is 71.539 GBPS for message output size 1073.742 MB
time = 14.540 ms
Method = mpi
All-gather bus bw for 32 GPUs is 21.405 GBPS for message output size 1073.742 MB
time = 48.596 ms
Method = hybrid
All-gather bus bw for 32 GPUs is 48.432 GBPS for message output size 1073.742 MB
time = 21.477 ms
===============================
{'mpi': [2.964482205950471, 4.832346343436168, 6.768375830585182, 8.232414353313882, 9.847391092581832, 10.459903753778534, 18.269415111034117, 20.09282555627821, 19.87070302492962, 21.40329701828419, 21.404769809546615], 'rccl': [0.734221076653873, 0.028681709215403497, 0.059790318445258915, 0.11983111615407543, 14.602139949930969, 25.20934214344169, 46.09040310707653, 69.24556546965083, 71.16108242938454, 71.70453301185054, 71.53875685368305], 'hybrid': [2.9374607741427106, 5.782616657228586, 10.103827579901582, 16.4592248582665, 31.405107037278704, 39.502921709713966, 43.809880741209405, 46.506361365364, 47.23597375535272, 47.70977592820731, 48.432080236955116]}

MPICH Slingshot Network Summary: 8 network timeouts

